<?xml version="1.0" encoding="UTF-8"?>
<testng-results skipped="0" failed="1" total="8" passed="7">
  <reporter-output>
  </reporter-output>
  <suite name="Parameterization Test Suite" duration-ms="262418" started-at="2020-02-22T10:12:57Z" finished-at="2020-02-22T10:17:19Z">
    <groups>
      <group name="InvalidLoginScenarios">
        <method signature="LoginTestcases.BlankCredTest()[pri:0, instance:com.boral.qa.testcases.LoginTestcases@3532ec19]" name="BlankCredTest" class="com.boral.qa.testcases.LoginTestcases"/>
        <method signature="LoginTestcases.BlankPasswordTest()[pri:0, instance:com.boral.qa.testcases.LoginTestcases@3532ec19]" name="BlankPasswordTest" class="com.boral.qa.testcases.LoginTestcases"/>
        <method signature="LoginTestcases.BlankUsernameTest()[pri:0, instance:com.boral.qa.testcases.LoginTestcases@3532ec19]" name="BlankUsernameTest" class="com.boral.qa.testcases.LoginTestcases"/>
        <method signature="LoginTestcases.WrongPasswordTest()[pri:0, instance:com.boral.qa.testcases.LoginTestcases@3532ec19]" name="WrongPasswordTest" class="com.boral.qa.testcases.LoginTestcases"/>
        <method signature="LoginTestcases.WrongUsernameTest()[pri:0, instance:com.boral.qa.testcases.LoginTestcases@3532ec19]" name="WrongUsernameTest" class="com.boral.qa.testcases.LoginTestcases"/>
      </group> <!-- InvalidLoginScenarios -->
      <group name="ValidLoginScenarios">
        <method signature="LoginTestcases.LoginTest(java.lang.String, java.lang.String)[pri:0, instance:com.boral.qa.testcases.LoginTestcases@3532ec19]" name="LoginTest" class="com.boral.qa.testcases.LoginTestcases"/>
      </group> <!-- ValidLoginScenarios -->
    </groups>
    <test name="Testing Parameterization" duration-ms="262418" started-at="2020-02-22T10:12:57Z" finished-at="2020-02-22T10:17:19Z">
      <class name="com.boral.qa.testcases.LoginTestcases">
        <test-method status="PASS" signature="setup()[pri:0, instance:com.boral.qa.testcases.LoginTestcases@3532ec19]" name="setup" is-config="true" duration-ms="15590" started-at="2020-02-22T15:44:57Z" finished-at="2020-02-22T15:45:13Z">
          <reporter-output>
          </reporter-output>
        </test-method> <!-- setup -->
        <test-method status="PASS" signature="BlankCredTest()[pri:0, instance:com.boral.qa.testcases.LoginTestcases@3532ec19]" name="BlankCredTest" duration-ms="502" started-at="2020-02-22T15:45:13Z" finished-at="2020-02-22T15:45:13Z">
          <reporter-output>
          </reporter-output>
        </test-method> <!-- BlankCredTest -->
        <test-method status="PASS" signature="end()[pri:0, instance:com.boral.qa.testcases.LoginTestcases@3532ec19]" name="end" is-config="true" duration-ms="955" started-at="2020-02-22T15:45:13Z" finished-at="2020-02-22T15:45:14Z">
          <reporter-output>
          </reporter-output>
        </test-method> <!-- end -->
        <test-method status="PASS" signature="setup()[pri:0, instance:com.boral.qa.testcases.LoginTestcases@3532ec19]" name="setup" is-config="true" duration-ms="15629" started-at="2020-02-22T15:45:14Z" finished-at="2020-02-22T15:45:30Z">
          <reporter-output>
          </reporter-output>
        </test-method> <!-- setup -->
        <test-method status="PASS" signature="BlankPasswordTest()[pri:0, instance:com.boral.qa.testcases.LoginTestcases@3532ec19]" name="BlankPasswordTest" duration-ms="1551" started-at="2020-02-22T15:45:30Z" finished-at="2020-02-22T15:45:32Z">
          <reporter-output>
          </reporter-output>
        </test-method> <!-- BlankPasswordTest -->
        <test-method status="PASS" signature="end()[pri:0, instance:com.boral.qa.testcases.LoginTestcases@3532ec19]" name="end" is-config="true" duration-ms="962" started-at="2020-02-22T15:45:32Z" finished-at="2020-02-22T15:45:33Z">
          <reporter-output>
          </reporter-output>
        </test-method> <!-- end -->
        <test-method status="PASS" signature="setup()[pri:0, instance:com.boral.qa.testcases.LoginTestcases@3532ec19]" name="setup" is-config="true" duration-ms="14683" started-at="2020-02-22T15:45:33Z" finished-at="2020-02-22T15:45:47Z">
          <reporter-output>
          </reporter-output>
        </test-method> <!-- setup -->
        <test-method status="PASS" signature="BlankUsernameTest()[pri:0, instance:com.boral.qa.testcases.LoginTestcases@3532ec19]" name="BlankUsernameTest" duration-ms="547" started-at="2020-02-22T15:45:47Z" finished-at="2020-02-22T15:45:48Z">
          <reporter-output>
          </reporter-output>
        </test-method> <!-- BlankUsernameTest -->
        <test-method status="PASS" signature="end()[pri:0, instance:com.boral.qa.testcases.LoginTestcases@3532ec19]" name="end" is-config="true" duration-ms="1440" started-at="2020-02-22T15:45:48Z" finished-at="2020-02-22T15:45:49Z">
          <reporter-output>
          </reporter-output>
        </test-method> <!-- end -->
        <test-method status="PASS" signature="setup()[pri:0, instance:com.boral.qa.testcases.LoginTestcases@3532ec19]" name="setup" is-config="true" duration-ms="15056" started-at="2020-02-22T15:45:49Z" finished-at="2020-02-22T15:46:04Z">
          <reporter-output>
          </reporter-output>
        </test-method> <!-- setup -->
        <test-method status="PASS" signature="WrongPasswordTest()[pri:0, instance:com.boral.qa.testcases.LoginTestcases@3532ec19]" name="WrongPasswordTest" duration-ms="2778" started-at="2020-02-22T15:46:04Z" finished-at="2020-02-22T15:46:07Z">
          <reporter-output>
          </reporter-output>
        </test-method> <!-- WrongPasswordTest -->
        <test-method status="PASS" signature="end()[pri:0, instance:com.boral.qa.testcases.LoginTestcases@3532ec19]" name="end" is-config="true" duration-ms="849" started-at="2020-02-22T15:46:07Z" finished-at="2020-02-22T15:46:08Z">
          <reporter-output>
          </reporter-output>
        </test-method> <!-- end -->
        <test-method status="PASS" signature="setup()[pri:0, instance:com.boral.qa.testcases.LoginTestcases@3532ec19]" name="setup" is-config="true" duration-ms="14879" started-at="2020-02-22T15:46:08Z" finished-at="2020-02-22T15:46:23Z">
          <reporter-output>
          </reporter-output>
        </test-method> <!-- setup -->
        <test-method status="PASS" signature="WrongUsernameTest()[pri:0, instance:com.boral.qa.testcases.LoginTestcases@3532ec19]" name="WrongUsernameTest" duration-ms="1955" started-at="2020-02-22T15:46:23Z" finished-at="2020-02-22T15:46:25Z">
          <reporter-output>
          </reporter-output>
        </test-method> <!-- WrongUsernameTest -->
        <test-method status="PASS" signature="end()[pri:0, instance:com.boral.qa.testcases.LoginTestcases@3532ec19]" name="end" is-config="true" duration-ms="1807" started-at="2020-02-22T15:46:25Z" finished-at="2020-02-22T15:46:27Z">
          <reporter-output>
          </reporter-output>
        </test-method> <!-- end -->
        <test-method status="PASS" signature="setup()[pri:0, instance:com.boral.qa.testcases.LoginTestcases@3532ec19]" name="setup" is-config="true" duration-ms="14238" started-at="2020-02-22T15:46:27Z" finished-at="2020-02-22T15:46:41Z">
          <reporter-output>
          </reporter-output>
        </test-method> <!-- setup -->
        <test-method status="PASS" signature="LoginTest(java.lang.String, java.lang.String)[pri:0, instance:com.boral.qa.testcases.LoginTestcases@3532ec19]" name="LoginTest" duration-ms="11557" started-at="2020-02-22T15:46:41Z" data-provider="getExcelData" finished-at="2020-02-22T15:46:52Z">
          <params>
            <param index="0">
              <value>
                <![CDATA[ashwini.nayak@boral.com.au]]>
              </value>
            </param>
            <param index="1">
              <value>
                <![CDATA[Passw0rd!]]>
              </value>
            </param>
          </params>
          <reporter-output>
          </reporter-output>
        </test-method> <!-- LoginTest -->
        <test-method status="PASS" signature="end()[pri:0, instance:com.boral.qa.testcases.LoginTestcases@3532ec19]" name="end" is-config="true" duration-ms="912" started-at="2020-02-22T15:46:52Z" finished-at="2020-02-22T15:46:53Z">
          <reporter-output>
          </reporter-output>
        </test-method> <!-- end -->
        <test-method status="PASS" signature="setup()[pri:0, instance:com.boral.qa.testcases.LoginTestcases@3532ec19]" name="setup" is-config="true" duration-ms="14411" started-at="2020-02-22T15:46:53Z" finished-at="2020-02-22T15:47:08Z">
          <reporter-output>
          </reporter-output>
        </test-method> <!-- setup -->
        <test-method status="PASS" signature="LoginTest(java.lang.String, java.lang.String)[pri:0, instance:com.boral.qa.testcases.LoginTestcases@3532ec19]" name="LoginTest" duration-ms="10426" started-at="2020-02-22T15:47:08Z" data-provider="getExcelData" finished-at="2020-02-22T15:47:18Z">
          <params>
            <param index="0">
              <value>
                <![CDATA[chauhan.ashutosh@boral.com.au]]>
              </value>
            </param>
            <param index="1">
              <value>
                <![CDATA[Ashu@1980]]>
              </value>
            </param>
          </params>
          <reporter-output>
          </reporter-output>
        </test-method> <!-- LoginTest -->
        <test-method status="PASS" signature="end()[pri:0, instance:com.boral.qa.testcases.LoginTestcases@3532ec19]" name="end" is-config="true" duration-ms="915" started-at="2020-02-22T15:47:18Z" finished-at="2020-02-22T15:47:19Z">
          <reporter-output>
          </reporter-output>
        </test-method> <!-- end -->
      </class> <!-- com.boral.qa.testcases.LoginTestcases -->
      <class name="com.boral.qa.testcases.HomeTestcases">
        <test-method status="PASS" signature="initialMethod()[pri:0, instance:com.boral.qa.testcases.HomeTestcases@4c70fda8]" name="initialMethod" is-config="true" duration-ms="46703" started-at="2020-02-22T15:42:57Z" finished-at="2020-02-22T15:43:43Z">
          <reporter-output>
          </reporter-output>
        </test-method> <!-- initialMethod -->
        <test-method status="FAIL" signature="searchTruck()[pri:0, instance:com.boral.qa.testcases.HomeTestcases@4c70fda8]" name="searchTruck" duration-ms="73073" started-at="2020-02-22T15:43:43Z" finished-at="2020-02-22T15:44:57Z">
          <exception class="org.openqa.selenium.NoSuchElementException">
            <message>
              <![CDATA[Cannot locate an element using xpath=//span[contains(text(),2030)]
For documentation on this error, please visit: http://seleniumhq.org/exceptions/no_such_element.html
Build info: version: '3.141.0', revision: '2ecb7d9a', time: '2018-10-31T20:09:30'
System info: host: 'JITHU', ip: '192.168.0.104', os.name: 'Windows 10', os.arch: 'amd64', os.version: '10.0', java.version: '1.8.0_121'
Driver info: driver.version: RemoteWebDriver]]>
            </message>
            <full-stacktrace>
              <![CDATA[org.openqa.selenium.NoSuchElementException: Cannot locate an element using xpath=//span[contains(text(),2030)]
For documentation on this error, please visit: http://seleniumhq.org/exceptions/no_such_element.html
Build info: version: '3.141.0', revision: '2ecb7d9a', time: '2018-10-31T20:09:30'
System info: host: 'JITHU', ip: '192.168.0.104', os.name: 'Windows 10', os.arch: 'amd64', os.version: '10.0', java.version: '1.8.0_121'
Driver info: driver.version: RemoteWebDriver
	at org.openqa.selenium.remote.RemoteWebDriver.findElement(RemoteWebDriver.java:327)
	at org.openqa.selenium.remote.RemoteWebDriver.findElementByXPath(RemoteWebDriver.java:428)
	at org.openqa.selenium.By$ByXPath.findElement(By.java:353)
	at org.openqa.selenium.remote.RemoteWebDriver.findElement(RemoteWebDriver.java:315)
	at com.boral.qa.pages.HomePage.searchTruck(HomePage.java:60)
	at com.boral.qa.testcases.HomeTestcases.searchTruck(HomeTestcases.java:57)
	at sun.reflect.NativeMethodAccessorImpl.invoke0(Native Method)
	at sun.reflect.NativeMethodAccessorImpl.invoke(Unknown Source)
	at sun.reflect.DelegatingMethodAccessorImpl.invoke(Unknown Source)
	at java.lang.reflect.Method.invoke(Unknown Source)
	at org.testng.internal.MethodInvocationHelper.invokeMethod(MethodInvocationHelper.java:80)
	at org.testng.internal.Invoker.invokeMethod(Invoker.java:714)
	at org.testng.internal.Invoker.invokeTestMethod(Invoker.java:901)
	at org.testng.internal.Invoker.invokeTestMethods(Invoker.java:1231)
	at org.testng.internal.TestMethodWorker.invokeTestMethods(TestMethodWorker.java:127)
	at org.testng.internal.TestMethodWorker.run(TestMethodWorker.java:111)
	at org.testng.TestRunner.privateRun(TestRunner.java:767)
	at org.testng.TestRunner.run(TestRunner.java:617)
	at org.testng.SuiteRunner.runTest(SuiteRunner.java:334)
	at org.testng.SuiteRunner.runSequentially(SuiteRunner.java:329)
	at org.testng.SuiteRunner.privateRun(SuiteRunner.java:291)
	at org.testng.SuiteRunner.run(SuiteRunner.java:240)
	at org.testng.SuiteRunnerWorker.runSuite(SuiteRunnerWorker.java:52)
	at org.testng.SuiteRunnerWorker.run(SuiteRunnerWorker.java:86)
	at org.testng.TestNG.runSuitesSequentially(TestNG.java:1198)
	at org.testng.TestNG.runSuitesLocally(TestNG.java:1123)
	at org.testng.TestNG.run(TestNG.java:1031)
	at org.testng.remote.AbstractRemoteTestNG.run(AbstractRemoteTestNG.java:114)
	at org.testng.remote.RemoteTestNG.initAndRun(RemoteTestNG.java:251)
	at org.testng.remote.RemoteTestNG.main(RemoteTestNG.java:77)
]]>
            </full-stacktrace>
          </exception> <!-- org.openqa.selenium.NoSuchElementException -->
          <reporter-output>
          </reporter-output>
        </test-method> <!-- searchTruck -->
        <test-method status="PASS" signature="closeBrowser()[pri:0, instance:com.boral.qa.testcases.HomeTestcases@4c70fda8]" name="closeBrowser" is-config="true" duration-ms="809" started-at="2020-02-22T15:44:57Z" finished-at="2020-02-22T15:44:57Z">
          <reporter-output>
          </reporter-output>
        </test-method> <!-- closeBrowser -->
      </class> <!-- com.boral.qa.testcases.HomeTestcases -->
    </test> <!-- Testing Parameterization -->
  </suite> <!-- Parameterization Test Suite -->
</testng-results>
