<?xml version="1.0" encoding="UTF-8"?>
<!-- Generated by org.testng.reporters.JUnitXMLReporter -->
<testsuite hostname="INPUSCLP05488" failures="0" tests="8" name="Testing Parameterization" time="17.312" errors="0" timestamp="18 Feb 2020 10:21:04 GMT">
  <testcase classname="com.boral.qa.testcases.HomeTestcases" name="@BeforeMethod initialMethod" time="0.0">
    <failure type="org.openqa.selenium.SessionNotCreatedException" message="session not created: This version of ChromeDriver only supports Chrome version 78
Build info: version: &amp;apos;3.141.0&amp;apos;, revision: &amp;apos;2ecb7d9a&amp;apos;, time: &amp;apos;2018-10-31T20:09:30&amp;apos;
System info: host: &amp;apos;INPUSCLP05488&amp;apos;, ip: &amp;apos;10.53.136.37&amp;apos;, os.name: &amp;apos;Windows 10&amp;apos;, os.arch: &amp;apos;amd64&amp;apos;, os.version: &amp;apos;10.0&amp;apos;, java.version: &amp;apos;10.0.1&amp;apos;
Driver info: driver.version: ChromeDriver
remote stacktrace: Backtrace:
	Ordinal0 [0x013EA923+1550627]
	Ordinal0 [0x0136A731+1025841]
	Ordinal0 [0x012EC715+509717]
	Ordinal0 [0x0127FC68+64616]
	Ordinal0 [0x0127C594+50580]
	Ordinal0 [0x0129ACE7+175335]
	Ordinal0 [0x0129A8ED+174317]
	Ordinal0 [0x01298CDB+167131]
	Ordinal0 [0x0128144A+70730]
	Ordinal0 [0x012824D0+74960]
	Ordinal0 [0x01282469+74857]
	Ordinal0 [0x013842F7+1131255]
	GetHandleVerifier [0x0148711D+523789]
	GetHandleVerifier [0x01486EB0+523168]
	GetHandleVerifier [0x0148E207+552695]
	GetHandleVerifier [0x0148791A+525834]
	Ordinal0 [0x0137B82C+1095724]
	Ordinal0 [0x0138636B+1139563]
	Ordinal0 [0x013864D3+1139923]
	Ordinal0 [0x01385455+1135701]
	BaseThreadInitThunk [0x76F00419+25]
	RtlGetAppContainerNamedObjectPath [0x77CD662D+237]
	RtlGetAppContainerNamedObjectPath [0x77CD65FD+189]
">
      <![CDATA[org.openqa.selenium.SessionNotCreatedException: session not created: This version of ChromeDriver only supports Chrome version 78
Build info: version: '3.141.0', revision: '2ecb7d9a', time: '2018-10-31T20:09:30'
System info: host: 'INPUSCLP05488', ip: '10.53.136.37', os.name: 'Windows 10', os.arch: 'amd64', os.version: '10.0', java.version: '10.0.1'
Driver info: driver.version: ChromeDriver
remote stacktrace: Backtrace:
	Ordinal0 [0x013EA923+1550627]
	Ordinal0 [0x0136A731+1025841]
	Ordinal0 [0x012EC715+509717]
	Ordinal0 [0x0127FC68+64616]
	Ordinal0 [0x0127C594+50580]
	Ordinal0 [0x0129ACE7+175335]
	Ordinal0 [0x0129A8ED+174317]
	Ordinal0 [0x01298CDB+167131]
	Ordinal0 [0x0128144A+70730]
	Ordinal0 [0x012824D0+74960]
	Ordinal0 [0x01282469+74857]
	Ordinal0 [0x013842F7+1131255]
	GetHandleVerifier [0x0148711D+523789]
	GetHandleVerifier [0x01486EB0+523168]
	GetHandleVerifier [0x0148E207+552695]
	GetHandleVerifier [0x0148791A+525834]
	Ordinal0 [0x0137B82C+1095724]
	Ordinal0 [0x0138636B+1139563]
	Ordinal0 [0x013864D3+1139923]
	Ordinal0 [0x01385455+1135701]
	BaseThreadInitThunk [0x76F00419+25]
	RtlGetAppContainerNamedObjectPath [0x77CD662D+237]
	RtlGetAppContainerNamedObjectPath [0x77CD65FD+189]

	at org.openqa.selenium.remote.W3CHandshakeResponse.lambda$errorHandler$0(W3CHandshakeResponse.java:62)
	at org.openqa.selenium.remote.HandshakeResponse.lambda$getResponseFunction$0(HandshakeResponse.java:30)
	at org.openqa.selenium.remote.ProtocolHandshake.lambda$createSession$0(ProtocolHandshake.java:123)
	at java.base/java.util.stream.ReferencePipeline$3$1.accept(Unknown Source)
	at java.base/java.util.Spliterators$ArraySpliterator.tryAdvance(Unknown Source)
	at java.base/java.util.stream.ReferencePipeline.forEachWithCancel(Unknown Source)
	at java.base/java.util.stream.AbstractPipeline.copyIntoWithCancel(Unknown Source)
	at java.base/java.util.stream.AbstractPipeline.copyInto(Unknown Source)
	at java.base/java.util.stream.AbstractPipeline.wrapAndCopyInto(Unknown Source)
	at java.base/java.util.stream.FindOps$FindOp.evaluateSequential(Unknown Source)
	at java.base/java.util.stream.AbstractPipeline.evaluate(Unknown Source)
	at java.base/java.util.stream.ReferencePipeline.findFirst(Unknown Source)
	at org.openqa.selenium.remote.ProtocolHandshake.createSession(ProtocolHandshake.java:125)
	at org.openqa.selenium.remote.ProtocolHandshake.createSession(ProtocolHandshake.java:74)
	at org.openqa.selenium.remote.HttpCommandExecutor.execute(HttpCommandExecutor.java:136)
	at org.openqa.selenium.remote.service.DriverCommandExecutor.execute(DriverCommandExecutor.java:83)
	at org.openqa.selenium.remote.RemoteWebDriver.execute(RemoteWebDriver.java:552)
	at org.openqa.selenium.remote.RemoteWebDriver.startSession(RemoteWebDriver.java:213)
	at org.openqa.selenium.remote.RemoteWebDriver.<init>(RemoteWebDriver.java:131)
	at org.openqa.selenium.chrome.ChromeDriver.<init>(ChromeDriver.java:181)
	at org.openqa.selenium.chrome.ChromeDriver.<init>(ChromeDriver.java:168)
	at org.openqa.selenium.chrome.ChromeDriver.<init>(ChromeDriver.java:123)
	at com.boral.qa.base.TestBase.initialization(TestBase.java:35)
	at com.boral.qa.testcases.HomeTestcases.initialMethod(HomeTestcases.java:31)
... Removed 30 stack frames]]>
    </failure>
  </testcase> <!-- @BeforeMethod initialMethod -->
  <testcase classname="com.boral.qa.testcases.HomeTestcases" name="@AfterMethod closeBrowser" time="0.0">
    <skipped/>
  </testcase> <!-- @AfterMethod closeBrowser -->
  <testcase classname="com.boral.qa.testcases.LoginTestcases" name="@BeforeMethod setup" time="0.0">
    <failure type="org.openqa.selenium.SessionNotCreatedException" message="session not created: This version of ChromeDriver only supports Chrome version 78
Build info: version: &amp;apos;3.141.0&amp;apos;, revision: &amp;apos;2ecb7d9a&amp;apos;, time: &amp;apos;2018-10-31T20:09:30&amp;apos;
System info: host: &amp;apos;INPUSCLP05488&amp;apos;, ip: &amp;apos;10.53.136.37&amp;apos;, os.name: &amp;apos;Windows 10&amp;apos;, os.arch: &amp;apos;amd64&amp;apos;, os.version: &amp;apos;10.0&amp;apos;, java.version: &amp;apos;10.0.1&amp;apos;
Driver info: driver.version: ChromeDriver
remote stacktrace: Backtrace:
	Ordinal0 [0x013EA923+1550627]
	Ordinal0 [0x0136A731+1025841]
	Ordinal0 [0x012EC715+509717]
	Ordinal0 [0x0127FC68+64616]
	Ordinal0 [0x0127C594+50580]
	Ordinal0 [0x0129ACE7+175335]
	Ordinal0 [0x0129A8ED+174317]
	Ordinal0 [0x01298CDB+167131]
	Ordinal0 [0x0128144A+70730]
	Ordinal0 [0x012824D0+74960]
	Ordinal0 [0x01282469+74857]
	Ordinal0 [0x013842F7+1131255]
	GetHandleVerifier [0x0148711D+523789]
	GetHandleVerifier [0x01486EB0+523168]
	GetHandleVerifier [0x0148E207+552695]
	GetHandleVerifier [0x0148791A+525834]
	Ordinal0 [0x0137B82C+1095724]
	Ordinal0 [0x0138636B+1139563]
	Ordinal0 [0x013864D3+1139923]
	Ordinal0 [0x01385455+1135701]
	BaseThreadInitThunk [0x76F00419+25]
	RtlGetAppContainerNamedObjectPath [0x77CD662D+237]
	RtlGetAppContainerNamedObjectPath [0x77CD65FD+189]
">
      <![CDATA[org.openqa.selenium.SessionNotCreatedException: session not created: This version of ChromeDriver only supports Chrome version 78
Build info: version: '3.141.0', revision: '2ecb7d9a', time: '2018-10-31T20:09:30'
System info: host: 'INPUSCLP05488', ip: '10.53.136.37', os.name: 'Windows 10', os.arch: 'amd64', os.version: '10.0', java.version: '10.0.1'
Driver info: driver.version: ChromeDriver
remote stacktrace: Backtrace:
	Ordinal0 [0x013EA923+1550627]
	Ordinal0 [0x0136A731+1025841]
	Ordinal0 [0x012EC715+509717]
	Ordinal0 [0x0127FC68+64616]
	Ordinal0 [0x0127C594+50580]
	Ordinal0 [0x0129ACE7+175335]
	Ordinal0 [0x0129A8ED+174317]
	Ordinal0 [0x01298CDB+167131]
	Ordinal0 [0x0128144A+70730]
	Ordinal0 [0x012824D0+74960]
	Ordinal0 [0x01282469+74857]
	Ordinal0 [0x013842F7+1131255]
	GetHandleVerifier [0x0148711D+523789]
	GetHandleVerifier [0x01486EB0+523168]
	GetHandleVerifier [0x0148E207+552695]
	GetHandleVerifier [0x0148791A+525834]
	Ordinal0 [0x0137B82C+1095724]
	Ordinal0 [0x0138636B+1139563]
	Ordinal0 [0x013864D3+1139923]
	Ordinal0 [0x01385455+1135701]
	BaseThreadInitThunk [0x76F00419+25]
	RtlGetAppContainerNamedObjectPath [0x77CD662D+237]
	RtlGetAppContainerNamedObjectPath [0x77CD65FD+189]

	at org.openqa.selenium.remote.W3CHandshakeResponse.lambda$errorHandler$0(W3CHandshakeResponse.java:62)
	at org.openqa.selenium.remote.HandshakeResponse.lambda$getResponseFunction$0(HandshakeResponse.java:30)
	at org.openqa.selenium.remote.ProtocolHandshake.lambda$createSession$0(ProtocolHandshake.java:123)
	at java.base/java.util.stream.ReferencePipeline$3$1.accept(Unknown Source)
	at java.base/java.util.Spliterators$ArraySpliterator.tryAdvance(Unknown Source)
	at java.base/java.util.stream.ReferencePipeline.forEachWithCancel(Unknown Source)
	at java.base/java.util.stream.AbstractPipeline.copyIntoWithCancel(Unknown Source)
	at java.base/java.util.stream.AbstractPipeline.copyInto(Unknown Source)
	at java.base/java.util.stream.AbstractPipeline.wrapAndCopyInto(Unknown Source)
	at java.base/java.util.stream.FindOps$FindOp.evaluateSequential(Unknown Source)
	at java.base/java.util.stream.AbstractPipeline.evaluate(Unknown Source)
	at java.base/java.util.stream.ReferencePipeline.findFirst(Unknown Source)
	at org.openqa.selenium.remote.ProtocolHandshake.createSession(ProtocolHandshake.java:125)
	at org.openqa.selenium.remote.ProtocolHandshake.createSession(ProtocolHandshake.java:74)
	at org.openqa.selenium.remote.HttpCommandExecutor.execute(HttpCommandExecutor.java:136)
	at org.openqa.selenium.remote.service.DriverCommandExecutor.execute(DriverCommandExecutor.java:83)
	at org.openqa.selenium.remote.RemoteWebDriver.execute(RemoteWebDriver.java:552)
	at org.openqa.selenium.remote.RemoteWebDriver.startSession(RemoteWebDriver.java:213)
	at org.openqa.selenium.remote.RemoteWebDriver.<init>(RemoteWebDriver.java:131)
	at org.openqa.selenium.chrome.ChromeDriver.<init>(ChromeDriver.java:181)
	at org.openqa.selenium.chrome.ChromeDriver.<init>(ChromeDriver.java:168)
	at org.openqa.selenium.chrome.ChromeDriver.<init>(ChromeDriver.java:123)
	at com.boral.qa.base.TestBase.initialization(TestBase.java:35)
	at com.boral.qa.testcases.LoginTestcases.setup(LoginTestcases.java:36)
... Removed 30 stack frames]]>
    </failure>
  </testcase> <!-- @BeforeMethod setup -->
  <testcase classname="com.boral.qa.testcases.LoginTestcases" name="@AfterMethod end" time="0.0">
    <skipped/>
  </testcase> <!-- @AfterMethod end -->
  <testcase classname="com.boral.qa.testcases.LoginTestcases" name="@BeforeMethod setup" time="0.0">
    <skipped/>
  </testcase> <!-- @BeforeMethod setup -->
  <testcase classname="com.boral.qa.testcases.LoginTestcases" name="@AfterMethod end" time="0.0">
    <skipped/>
  </testcase> <!-- @AfterMethod end -->
  <testcase classname="com.boral.qa.testcases.LoginTestcases" name="@BeforeMethod setup" time="0.0">
    <skipped/>
  </testcase> <!-- @BeforeMethod setup -->
  <testcase classname="com.boral.qa.testcases.LoginTestcases" name="@AfterMethod end" time="0.0">
    <skipped/>
  </testcase> <!-- @AfterMethod end -->
  <testcase classname="com.boral.qa.testcases.LoginTestcases" name="@BeforeMethod setup" time="0.0">
    <skipped/>
  </testcase> <!-- @BeforeMethod setup -->
  <testcase classname="com.boral.qa.testcases.LoginTestcases" name="@AfterMethod end" time="0.0">
    <skipped/>
  </testcase> <!-- @AfterMethod end -->
  <testcase classname="com.boral.qa.testcases.LoginTestcases" name="@BeforeMethod setup" time="0.0">
    <skipped/>
  </testcase> <!-- @BeforeMethod setup -->
  <testcase classname="com.boral.qa.testcases.LoginTestcases" name="@AfterMethod end" time="0.0">
    <skipped/>
  </testcase> <!-- @AfterMethod end -->
  <testcase classname="com.boral.qa.testcases.LoginTestcases" name="@BeforeMethod setup" time="0.0">
    <skipped/>
  </testcase> <!-- @BeforeMethod setup -->
  <testcase classname="com.boral.qa.testcases.LoginTestcases" name="@AfterMethod end" time="0.0">
    <skipped/>
  </testcase> <!-- @AfterMethod end -->
  <testcase classname="com.boral.qa.testcases.LoginTestcases" name="@BeforeMethod setup" time="0.0">
    <skipped/>
  </testcase> <!-- @BeforeMethod setup -->
  <testcase classname="com.boral.qa.testcases.LoginTestcases" name="@AfterMethod end" time="0.0">
    <skipped/>
  </testcase> <!-- @AfterMethod end -->
  <testcase classname="com.boral.qa.testcases.HomeTestcases" name="searchTruck" time="0.002">
    <skipped/>
  </testcase> <!-- searchTruck -->
  <testcase classname="com.boral.qa.testcases.LoginTestcases" name="BlankCredTest" time="0.009">
    <skipped/>
  </testcase> <!-- BlankCredTest -->
  <testcase classname="com.boral.qa.testcases.LoginTestcases" name="BlankPasswordTest" time="0.002">
    <skipped/>
  </testcase> <!-- BlankPasswordTest -->
  <testcase classname="com.boral.qa.testcases.LoginTestcases" name="BlankUsernameTest" time="0.001">
    <skipped/>
  </testcase> <!-- BlankUsernameTest -->
  <testcase classname="com.boral.qa.testcases.LoginTestcases" name="WrongPasswordTest" time="0.001">
    <skipped/>
  </testcase> <!-- WrongPasswordTest -->
  <testcase classname="com.boral.qa.testcases.LoginTestcases" name="WrongUsernameTest" time="0.001">
    <skipped/>
  </testcase> <!-- WrongUsernameTest -->
  <testcase classname="com.boral.qa.testcases.LoginTestcases" name="LoginTest" time="0.001">
    <skipped/>
  </testcase> <!-- LoginTest -->
  <testcase classname="com.boral.qa.testcases.LoginTestcases" name="LoginTest" time="0.002">
    <skipped/>
  </testcase> <!-- LoginTest -->
</testsuite> <!-- Testing Parameterization -->
